TN:
SF:src/PE/filtrado.ts
FN:3,<instance_members_initializer>
FN:5,FiltradosBase
FN:7,GetLista
FN:14,Filtrado
FN:30,Mapeado
FN:59,FiltrarMapearReducir
FN:73,Reducir
FN:86,Reducir
FN:101,Reducir
FN:114,Reducir
FNF:10
FNH:10
FNDA:5,<instance_members_initializer>
FNDA:5,FiltradosBase
FNDA:6,GetLista
FNDA:5,Filtrado
FNDA:5,Mapeado
FNDA:4,FiltrarMapearReducir
FNDA:1,Reducir
FNDA:1,Reducir
FNDA:1,Reducir
FNDA:1,Reducir
DA:1,1
DA:2,1
DA:3,1
DA:4,5
DA:5,5
DA:6,5
DA:7,5
DA:8,5
DA:9,5
DA:10,5
DA:11,5
DA:12,5
DA:13,5
DA:14,5
DA:15,5
DA:16,5
DA:17,5
DA:18,32
DA:19,22
DA:20,22
DA:21,32
DA:22,5
DA:23,5
DA:24,5
DA:25,5
DA:26,5
DA:27,5
DA:28,5
DA:29,5
DA:30,5
DA:31,5
DA:32,5
DA:33,5
DA:34,5
DA:35,22
DA:36,22
DA:37,25
DA:38,25
DA:39,22
DA:40,22
DA:41,13
DA:42,13
DA:43,22
DA:44,22
DA:45,5
DA:46,5
DA:47,5
DA:48,5
DA:49,5
DA:50,5
DA:51,5
DA:52,5
DA:53,5
DA:54,5
DA:55,5
DA:56,5
DA:57,5
DA:58,5
DA:59,5
DA:60,4
DA:61,4
DA:62,4
DA:63,4
DA:64,4
DA:65,5
DA:66,1
DA:67,1
DA:68,1
DA:69,1
DA:70,1
DA:71,1
DA:72,1
DA:73,1
DA:74,1
DA:75,1
DA:76,3
DA:77,3
DA:78,1
DA:79,1
DA:80,1
DA:81,1
DA:82,1
DA:83,1
DA:84,1
DA:85,1
DA:86,1
DA:87,1
DA:88,1
DA:89,3
DA:90,3
DA:91,1
DA:92,1
DA:93,1
DA:94,1
DA:95,1
DA:96,1
DA:97,1
DA:98,1
DA:99,1
DA:100,1
DA:101,1
DA:102,1
DA:103,1
DA:104,1
DA:105,1
DA:106,1
DA:107,1
DA:108,1
DA:109,1
DA:110,1
DA:111,1
DA:112,1
DA:113,1
DA:114,1
DA:115,1
DA:116,1
DA:117,1
DA:118,1
DA:119,1
DA:120,1
DA:121,1
DA:122,1
DA:123,1
LF:123
LH:123
BRDA:3,0,0,5
BRDA:5,1,0,5
BRDA:7,2,0,6
BRDA:14,3,0,5
BRDA:17,4,0,32
BRDA:18,5,0,22
BRDA:30,6,0,5
BRDA:34,7,0,22
BRDA:36,8,0,25
BRDA:37,9,0,9
BRDA:40,10,0,13
BRDA:59,11,0,4
BRDA:73,12,0,1
BRDA:75,13,0,3
BRDA:86,14,0,1
BRDA:88,15,0,3
BRDA:101,16,0,1
BRDA:114,17,0,1
BRF:18
BRH:18
end_of_record
