TN:
SF:src/filtrado.ts
FN:3,<instance_members_initializer>
FN:5,FiltradosBase
FN:7,GetLista
FN:9,Filtrado
FN:22,Mapeado
FN:43,FiltrarMapearReducir
FN:53,Reducir
FN:63,Reducir
FN:74,Reducir
FN:87,Reducir
FNF:10
FNH:10
FNDA:5,<instance_members_initializer>
FNDA:5,FiltradosBase
FNDA:6,GetLista
FNDA:5,Filtrado
FNDA:5,Mapeado
FNDA:4,FiltrarMapearReducir
FNDA:1,Reducir
FNDA:1,Reducir
FNDA:1,Reducir
FNDA:1,Reducir
DA:1,1
DA:2,1
DA:3,1
DA:4,5
DA:5,5
DA:6,5
DA:7,5
DA:8,5
DA:9,5
DA:10,5
DA:11,5
DA:12,5
DA:13,32
DA:14,22
DA:15,22
DA:16,32
DA:17,5
DA:18,5
DA:19,5
DA:20,5
DA:21,5
DA:22,5
DA:23,5
DA:24,5
DA:25,5
DA:26,5
DA:27,22
DA:28,22
DA:29,25
DA:30,25
DA:31,22
DA:32,22
DA:33,13
DA:34,13
DA:35,22
DA:36,22
DA:37,5
DA:38,5
DA:39,5
DA:40,5
DA:41,5
DA:42,5
DA:43,5
DA:44,4
DA:45,4
DA:46,4
DA:47,4
DA:48,4
DA:49,5
DA:50,1
DA:51,1
DA:52,1
DA:53,1
DA:54,1
DA:55,1
DA:56,3
DA:57,3
DA:58,1
DA:59,1
DA:60,1
DA:61,1
DA:62,1
DA:63,1
DA:64,1
DA:65,1
DA:66,3
DA:67,3
DA:68,1
DA:69,1
DA:70,1
DA:71,1
DA:72,1
DA:73,1
DA:74,1
DA:75,1
DA:76,1
DA:77,1
DA:78,1
DA:79,1
DA:80,1
DA:81,1
DA:82,1
DA:83,1
DA:84,1
DA:85,1
DA:86,1
DA:87,1
DA:88,1
DA:89,1
DA:90,1
DA:91,1
DA:92,1
DA:93,1
DA:94,1
DA:95,1
DA:96,1
LF:96
LH:96
BRDA:3,0,0,5
BRDA:5,1,0,5
BRDA:7,2,0,6
BRDA:9,3,0,5
BRDA:12,4,0,32
BRDA:13,5,0,22
BRDA:22,6,0,5
BRDA:26,7,0,22
BRDA:28,8,0,25
BRDA:29,9,0,9
BRDA:32,10,0,13
BRDA:43,11,0,4
BRDA:53,12,0,1
BRDA:55,13,0,3
BRDA:63,14,0,1
BRDA:65,15,0,3
BRDA:74,16,0,1
BRDA:87,17,0,1
BRF:18
BRH:18
end_of_record
